<?xml version="1.0" encoding="UTF-8"?>
<testng-results ignored="0" total="1" passed="1" failed="0" skipped="0">
  <reporter-output>
  </reporter-output>
  <suite started-at="2020-04-11T23:59:06 IST" name="Suite" finished-at="2020-04-11T23:59:56 IST" duration-ms="49815">
    <groups>
      <group name="cucumber">
        <method signature="AbstractTestNGCucumberTests.feature(cucumber.api.testng.CucumberFeatureWrapper)[pri:0, instance:com.runner.TestRunner@2bbf180e]" name="feature" class="cucumber.api.testng.AbstractTestNGCucumberTests"/>
      </group> <!-- cucumber -->
    </groups>
    <test started-at="2020-04-11T23:59:06 IST" name="Test" finished-at="2020-04-11T23:59:56 IST" duration-ms="49815">
      <class name="com.runner.TestRunner">
        <test-method is-config="true" signature="setUpClass()[pri:0, instance:com.runner.TestRunner@2bbf180e]" started-at="2020-04-11T23:59:07 IST" name="setUpClass" finished-at="2020-04-11T23:59:07 IST" duration-ms="770" status="PASS">
          <reporter-output>
          </reporter-output>
        </test-method> <!-- setUpClass -->
        <test-method is-config="true" signature="writeExtentReport()[pri:0, instance:com.runner.TestRunner@2bbf180e]" started-at="2020-04-11T23:59:07 IST" name="writeExtentReport" finished-at="2020-04-11T23:59:07 IST" duration-ms="3" status="PASS">
          <reporter-output>
          </reporter-output>
        </test-method> <!-- writeExtentReport -->
        <test-method signature="feature(cucumber.api.testng.CucumberFeatureWrapper)[pri:0, instance:com.runner.TestRunner@2bbf180e]" started-at="2020-04-11T23:59:08 IST" name="feature" description="Runs Cucumber Feature" data-provider="features" finished-at="2020-04-11T23:59:55 IST" duration-ms="47572" status="PASS">
          <params>
            <param index="0">
              <value>
                <![CDATA[Test HQ Login Functionality.]]>
              </value>
            </param>
          </params>
          <reporter-output>
          </reporter-output>
        </test-method> <!-- feature -->
        <test-method is-config="true" signature="tearDownClass()[pri:0, instance:com.runner.TestRunner@2bbf180e]" started-at="2020-04-11T23:59:55 IST" name="tearDownClass" finished-at="2020-04-11T23:59:56 IST" duration-ms="1160" status="PASS">
          <reporter-output>
          </reporter-output>
        </test-method> <!-- tearDownClass -->
      </class> <!-- com.runner.TestRunner -->
    </test> <!-- Test -->
  </suite> <!-- Suite -->
</testng-results>
